Compiling the C compiler identification source file "CMakeCCompilerId.c" failed.
Compiler: C:/Program Files (x86)/Microsoft Visual Studio/2019/Community/VC/Tools/MSVC/14.29.30133/bin/Hostx64/x64/cl.exe 
Build flags: 
Id flags:  

The output was:
2
Microsoft (R) C/C++ 최적화 컴파일러 버전 19.29.30146(x64)
Copyright (c) Microsoft Corporation. All rights reserved.

CMakeCCompilerId.c
Microsoft (R) Incremental Linker Version 14.29.30146.0
Copyright (C) Microsoft Corporation.  All rights reserved.

/out:CMakeCCompilerId.exe 
CMakeCCompilerId.obj 
libucrt.lib(checkcfg.obj) : error LNK2001: 확인할 수 없는 외부 기호 _guard_check_icall_$fo$
CMakeCCompilerId.exe : fatal error LNK1120: 1개의 확인할 수 없는 외부 참조입니다.


Compiling the CXX compiler identification source file "CMakeCXXCompilerId.cpp" failed.
Compiler: C:/Program Files (x86)/Microsoft Visual Studio/2019/Community/VC/Tools/MSVC/14.29.30133/bin/Hostx64/x64/cl.exe 
Build flags: 
Id flags:  

The output was:
2
Microsoft (R) C/C++ 최적화 컴파일러 버전 19.29.30146(x64)
Copyright (c) Microsoft Corporation. All rights reserved.

CMakeCXXCompilerId.cpp
Microsoft (R) Incremental Linker Version 14.29.30146.0
Copyright (C) Microsoft Corporation.  All rights reserved.

/out:CMakeCXXCompilerId.exe 
CMakeCXXCompilerId.obj 
libucrt.lib(checkcfg.obj) : error LNK2001: 확인할 수 없는 외부 기호 _guard_check_icall_$fo$
CMakeCXXCompilerId.exe : fatal error LNK1120: 1개의 확인할 수 없는 외부 참조입니다.


