The system is: Windows - 10.0.19045 - AMD64
Compiling the C compiler identification source file "CMakeCCompilerId.c" succeeded.
Compiler: C:/Program Files (x86)/Microsoft Visual Studio/2019/Community/VC/Tools/MSVC/14.29.30133/bin/Hostx64/x64/cl.exe 
Build flags: 
Id flags: -c 

The output was:
0
Microsoft (R) C/C++ 최적화 컴파일러 버전 19.29.30146(x64)
Copyright (c) Microsoft Corporation. All rights reserved.

CMakeCCompilerId.c


Compilation of the C compiler identification source "CMakeCCompilerId.c" produced "CMakeCCompilerId.obj"

The C compiler identification is MSVC, found in "C:/Users/안예준/Documents/github/3d_collision_detection/out/build/x64-Debug/CMakeFiles/3.20.21032501-MSVC_2/CompilerIdC/CMakeCCompilerId.obj"

Compiling the CXX compiler identification source file "CMakeCXXCompilerId.cpp" succeeded.
Compiler: C:/Program Files (x86)/Microsoft Visual Studio/2019/Community/VC/Tools/MSVC/14.29.30133/bin/Hostx64/x64/cl.exe 
Build flags: 
Id flags: -c 

The output was:
0
Microsoft (R) C/C++ 최적화 컴파일러 버전 19.29.30146(x64)
Copyright (c) Microsoft Corporation. All rights reserved.

CMakeCXXCompilerId.cpp


Compilation of the CXX compiler identification source "CMakeCXXCompilerId.cpp" produced "CMakeCXXCompilerId.obj"

The CXX compiler identification is MSVC, found in "C:/Users/안예준/Documents/github/3d_collision_detection/out/build/x64-Debug/CMakeFiles/3.20.21032501-MSVC_2/CompilerIdCXX/CMakeCXXCompilerId.obj"

Detecting C compiler ABI info compiled with the following output:
Change Dir: C:/Users/안예준/Documents/github/3d_collision_detection/out/build/x64-Debug/CMakeFiles/CMakeTmp

Run Build Command(s):C:/Program Files (x86)/Microsoft Visual Studio/2019/Community/Common7/IDE/CommonExtensions/Microsoft/CMake/Ninja/ninja.exe cmTC_2ff8e && [1/2] Building C object CMakeFiles\cmTC_2ff8e.dir\CMakeCCompilerABI.c.obj
[2/2] Linking C executable cmTC_2ff8e.exe



Detecting CXX compiler ABI info compiled with the following output:
Change Dir: C:/Users/안예준/Documents/github/3d_collision_detection/out/build/x64-Debug/CMakeFiles/CMakeTmp

Run Build Command(s):C:/Program Files (x86)/Microsoft Visual Studio/2019/Community/Common7/IDE/CommonExtensions/Microsoft/CMake/Ninja/ninja.exe cmTC_7f049 && [1/2] Building CXX object CMakeFiles\cmTC_7f049.dir\CMakeCXXCompilerABI.cpp.obj
[2/2] Linking CXX executable cmTC_7f049.exe



